<?xml version="1.0" encoding="UTF-8"?>
<testsuite name="EncryptDecryptTest" tests="1" skipped="0" failures="0" errors="0" timestamp="2020-05-27T12:24:40" hostname="ikdem-X556UJ" time="0.225">
  <properties/>
  <testcase name="start" classname="EncryptDecryptTest" time="0.225"/>
  <system-out><![CDATA[?[1;31m
Start test 1?[0m
Unexpected argument!
Unexpected argument!
?[1;31m
Start test 2?[0m
Unexpected argument!
Unexpected argument!
?[1;31m
Start test 3?[0m
Unexpected argument!
Unexpected argument!
?[1;31m
Start test 4?[0m
Unexpected argument!
Unexpected argument!
?[1;31m
Start test 5?[0m
Unexpected argument!
Unexpected argument!
?[1;31m
Start test 6?[0m
Unexpected argument!
Unexpected argument!
]]></system-out>
  <system-err><![CDATA[]]></system-err>
</testsuite>
